Start of error log: Sun, 05 Jan 2025 08:49:59 GMT
Format: [Timestamp] [Filename] Error: ErrorMessage

[Sun, 05 Jan 2025 08:49:59 GMT] [music\play.ts] Error: ffmpeg exited with code 4294967283: Error opening output file ./src/temp/Z99r74EMWP8-temp_audio.pcm.
Error opening output files: Permission denied


[Sun, 05 Jan 2025 09:26:58 GMT] [misc\help.ts] TypeError: Cannot read properties of undefined (reading '0')

[Sun, 05 Jan 2025 09:27:01 GMT] [misc\help.ts] TypeError: Cannot read properties of undefined (reading '0')

[Sun, 05 Jan 2025 09:29:23 GMT] [misc\help.ts] TypeError: Cannot read properties of undefined (reading '0')

[Sun, 05 Jan 2025 10:09:33 GMT] [music\play.ts] Error: ffmpeg exited with code 4294967294: Error opening output file C:\Github\KaldaraMusicBot\src\src\archive\j7U03P1S0b8-temp_audio.pcm.
Error opening output files: No such file or directory


[Sun, 05 Jan 2025 10:17:53 GMT] [music\play.ts] Error: ffmpeg exited with code 4294967274: size=     378KiB time=N/A bitrate=N/A speed=N/A    
Conversion failed!


[Sun, 05 Jan 2025 10:18:16 GMT] [music\play.ts] Error: ffmpeg exited with code 3199971767: Error opening input file ./src/archive/j7U03P1S0b8-temp_audio.pcm.
Error opening input files: Invalid data found when processing input


[Sun, 05 Jan 2025 10:18:56 GMT] [music\play.ts] Error: ffmpeg exited with code 4294967274: size=     378KiB time=N/A bitrate=N/A speed=N/A    
Conversion failed!


[Sun, 05 Jan 2025 10:21:17 GMT] [music\play.ts] Error: ffmpeg exited with code 3199971767: Error opening input file ./src/archive/j7U03P1S0b8-temp_audio.pcm.
Error opening input files: Invalid data found when processing input


[Sun, 05 Jan 2025 10:21:45 GMT] [music\play.ts] Error: ffmpeg exited with code 4294967274: size=     378KiB time=N/A bitrate=N/A speed=N/A    
Conversion failed!


[Sun, 05 Jan 2025 10:22:25 GMT] [music\play.ts] Error: ffmpeg exited with code 4294967274: size=     378KiB time=N/A bitrate=N/A speed=N/A    
Conversion failed!


[Sun, 05 Jan 2025 10:23:21 GMT] [music\play.ts] Error: ffmpeg exited with code 3199971767: Error opening input file ./src/archive/j7U03P1S0b8-temp_audio.pcm.
Error opening input files: Invalid data found when processing input


[Sun, 05 Jan 2025 10:23:47 GMT] [music\play.ts] Error: ffmpeg exited with code 3199971767: Error opening input file ./src/archive/j7U03P1S0b8-temp_audio.pcm.
Error opening input files: Invalid data found when processing input


[Sun, 05 Jan 2025 10:24:02 GMT] [music\play.ts] Error: ffmpeg exited with code 4294967274: size=     378KiB time=N/A bitrate=N/A speed=N/A    
Conversion failed!


[Sun, 05 Jan 2025 10:44:43 GMT] [music\play.ts] Error: ffmpeg exited with code 3199971767: Error opening input file ./src/archive/j7U03P1S0b8-temp_audio.pcm.
Error opening input files: Invalid data found when processing input


[Sun, 05 Jan 2025 10:46:02 GMT] [music\play.ts] Error: ffmpeg exited with code 3199971767: Error opening input file C:\Github\KaldaraMusicBot\src/archive/j7U03P1S0b8-temp_audio.pcm.
Error opening input files: Invalid data found when processing input


[Sun, 05 Jan 2025 11:12:50 GMT] [] Error: ENOENT: no such file or directory, open 'C:\Github\KaldaraMusicBot\src\temp\j7U03P1S0b8-temp_audio.pcm'

[Sun, 05 Jan 2025 11:12:51 GMT] [] Error: Cannot destroy VoiceConnection - it has already been destroyed

[Sun, 05 Jan 2025 11:23:55 GMT] [music\play.ts] TypeError: Cannot read properties of undefined (reading 'ended')

[Sun, 05 Jan 2025 11:25:27 GMT] [music\play.ts] TypeError: Cannot read properties of undefined (reading 'ended')

[Sun, 05 Jan 2025 11:27:48 GMT] [music\play.ts] TypeError: Cannot read properties of undefined (reading 'ended')

[Sun, 05 Jan 2025 11:29:24 GMT] [music\play.ts] TypeError: Cannot read properties of undefined (reading 'ended')

[Sun, 05 Jan 2025 11:30:36 GMT] [music\play.ts] TypeError: Cannot read properties of undefined (reading 'ended')

[Sun, 05 Jan 2025 11:40:40 GMT] [music\play.ts] Error: Only one output stream is supported

[Sun, 05 Jan 2025 12:30:46 GMT] [] Error: ENOENT: no such file or directory, open 'C:\Github\KaldaraMusicBot\src\archive\z_KmYUOfY5c-temp_audio.pcm'

[Sun, 05 Jan 2025 12:30:47 GMT] [] Error: Cannot destroy VoiceConnection - it has already been destroyed

[Sun, 05 Jan 2025 13:20:31 GMT] [] Error: ENOENT: no such file or directory, copyfile 'C:\Github\KaldaraMusicBot\src\temp\dc_Ulob124c-temp_audio.pcm' -> 'C:\Github\KaldaraMusicBot\src\archive\dc_Ulob124c-temp_audio.pcm'

[Mon, 06 Jan 2025 03:39:50 GMT] [misc\help.ts] TypeError: Cannot read properties of undefined (reading 'type')

[Mon, 06 Jan 2025 03:40:24 GMT] [misc\help.ts] TypeError: Cannot read properties of undefined (reading 'type')
