Start of error log: Tue, 07 Jan 2025 08:57:12 GMT
Format: [Timestamp] [Filename] Error: ErrorMessage

[Tue, 07 Jan 2025 08:57:12 GMT] [select.ts] TypeError: Cannot read properties of undefined (reading 'push')

[Tue, 07 Jan 2025 09:03:20 GMT] [select.ts] TypeError: Cannot read properties of undefined (reading 'push')

[Tue, 07 Jan 2025 09:04:28 GMT] [select.ts] TypeError: Cannot read properties of undefined (reading 'push')

[Tue, 07 Jan 2025 09:05:18 GMT] [select.ts] Error: Invalid number value

[Tue, 07 Jan 2025 09:05:57 GMT] [select.ts] Error: Invalid number value

[Tue, 07 Jan 2025 09:08:48 GMT] [select.ts] Error: Invalid number value

[Tue, 07 Jan 2025 09:09:38 GMT] [select.ts] Error: Invalid number value

[Tue, 07 Jan 2025 09:10:31 GMT] [button.ts] TypeError: Cannot read properties of undefined (reading 'push')

[Tue, 07 Jan 2025 09:15:32 GMT] [select.ts] CastError: Cast to string failed for value "{ in: [ '_py7jjFDN5U', 'XPs9F_CKrTE' ] }" (type Object) at path "_id" for model "Songs"

[Tue, 07 Jan 2025 09:17:53 GMT] [select.ts] TypeError: Cannot read properties of undefined (reading 'push')

[Tue, 07 Jan 2025 09:30:25 GMT] [] Error: Premature close

[Tue, 07 Jan 2025 09:59:35 GMT] [] Error: Premature close

[Tue, 07 Jan 2025 09:59:35 GMT] [] Error: Cannot destroy VoiceConnection - it has already been destroyed

[Tue, 07 Jan 2025 10:03:43 GMT] [music\queue.ts] Error: EBUSY: resource busy or locked, unlink 'C:\Github\KaldaraMusicBot\src\temp\P5nu_C2_xzQ-temp_audio.pcm'

[Tue, 07 Jan 2025 10:03:59 GMT] [music\queue.ts] Error: EBUSY: resource busy or locked, unlink 'C:\Github\KaldaraMusicBot\src\temp\P5nu_C2_xzQ-temp_audio.pcm'

[Tue, 07 Jan 2025 10:04:10 GMT] [] Error: Premature close

[Tue, 07 Jan 2025 10:04:10 GMT] [] Error: Cannot destroy VoiceConnection - it has already been destroyed

[Tue, 07 Jan 2025 10:04:10 GMT] [music\play.ts] Error: EBUSY: resource busy or locked, unlink 'C:\Github\KaldaraMusicBot\src\temp\P5nu_C2_xzQ-temp_audio.pcm'

[Tue, 07 Jan 2025 10:57:58 GMT] [music\queue.ts] TypeError: Cannot read properties of undefined (reading 'id')
