Start of debug log: Mon, 25 Nov 2024 11:28:27 GMT
Format: [Timestamp] Message

[Mon, 25 Nov 2024 11:28:27 GMT] Created new queue for bot (1310116919403216997).

[Mon, 25 Nov 2024 11:34:18 GMT] Created new queue for bot (1310116919403216997).

[Mon, 25 Nov 2024 11:34:20 GMT] Added song (si6Ox8IuZeU).

[Mon, 25 Nov 2024 11:39:13 GMT] Created new queue for bot (1310116919403216997).

[Mon, 25 Nov 2024 11:41:43 GMT] Created new queue for bot (1310116919403216997).

[Mon, 25 Nov 2024 11:45:27 GMT] Created new queue for bot (1310116919403216997).

[Mon, 25 Nov 2024 11:45:30 GMT] Added song (2fS4qnOyyDY).

[Mon, 25 Nov 2024 11:52:40 GMT] Created new queue for bot (1310116919403216997).

[Mon, 25 Nov 2024 11:56:20 GMT] Created new queue for bot (1310116919403216997).

[Mon, 25 Nov 2024 12:10:16 GMT] Created new queue for bot (1310116919403216997).

[Mon, 25 Nov 2024 12:11:17 GMT] Created new queue for bot (1310116919403216997).

[Mon, 25 Nov 2024 12:15:46 GMT] Created new queue for bot (1310116919403216997).

[Mon, 25 Nov 2024 12:16:33 GMT] Created new queue for bot (1310116919403216997).

[Mon, 25 Nov 2024 12:16:53 GMT] Created new queue for bot (1310116919403216997).

[Mon, 25 Nov 2024 12:17:58 GMT] Created new queue for bot (1310116919403216997).

[Mon, 25 Nov 2024 12:21:51 GMT] Created new queue for bot (1310116919403216997).

[Mon, 25 Nov 2024 12:22:20 GMT] Created new queue for bot (1310116919403216997).

[Mon, 25 Nov 2024 12:24:03 GMT] Created new queue for bot (1310116919403216997).

[Mon, 25 Nov 2024 12:25:03 GMT] Created new queue for bot (1310116919403216997).

[Mon, 25 Nov 2024 12:25:37 GMT] Created new queue for bot (1310116919403216997).

[Mon, 25 Nov 2024 12:26:17 GMT] Created new queue for bot (1310116919403216997).

[Mon, 25 Nov 2024 12:35:48 GMT] Created new queue for bot (1310116919403216997).

[Mon, 25 Nov 2024 12:36:23 GMT] Created new queue for bot (1310116919403216997).

[Mon, 25 Nov 2024 12:36:48 GMT] Created new queue for bot (1310116919403216997).

[Mon, 25 Nov 2024 12:37:31 GMT] Created new queue for bot (1310116919403216997).

[Mon, 25 Nov 2024 12:38:46 GMT] Created new queue for bot (1310116919403216997).

[Mon, 25 Nov 2024 12:39:22 GMT] Created new queue for bot (1310116919403216997).

[Mon, 25 Nov 2024 12:39:50 GMT] Created new queue for bot (1310116919403216997).

[Mon, 25 Nov 2024 12:41:29 GMT] Created new queue for bot (1310116919403216997).

[Mon, 25 Nov 2024 12:41:56 GMT] Created new queue for bot (1310116919403216997).

[Mon, 25 Nov 2024 12:42:21 GMT] Created new queue for bot (1310116919403216997).

[Mon, 25 Nov 2024 12:45:45 GMT] Created new queue for bot (1310116919403216997).

[Mon, 25 Nov 2024 13:16:45 GMT] Created new queue for bot (1310116919403216997).

[Mon, 25 Nov 2024 13:17:09 GMT] Created new queue for bot (1310116919403216997).

[Mon, 25 Nov 2024 13:17:37 GMT] Created new queue for bot (1310116919403216997).

[Mon, 25 Nov 2024 13:20:32 GMT] Created new queue for bot (1310116919403216997).

[Mon, 25 Nov 2024 13:23:56 GMT] Created new queue for bot (1310116919403216997).

[Mon, 25 Nov 2024 13:27:43 GMT] Created new queue for bot (1310116919403216997).

[Mon, 25 Nov 2024 13:29:59 GMT] Created new queue for bot (1310116919403216997).

[Mon, 25 Nov 2024 13:30:56 GMT] Created new queue for bot (1310116919403216997).

[Mon, 25 Nov 2024 13:31:34 GMT] Created new queue for bot (1310116919403216997).

[Mon, 25 Nov 2024 13:38:58 GMT] Created new queue for bot (1310116919403216997).

[Mon, 25 Nov 2024 13:43:13 GMT] Created new queue for bot (1310116919403216997).

[Mon, 25 Nov 2024 13:45:01 GMT] Created new queue for bot (1310116919403216997).

[Mon, 25 Nov 2024 13:54:34 GMT] Created new queue for bot (1310116919403216997).

[Mon, 25 Nov 2024 13:56:32 GMT] Created new queue for bot (1310116919403216997).

[Mon, 25 Nov 2024 13:56:39 GMT] Created new queue for bot (1310116919403216997).

[Mon, 25 Nov 2024 13:57:20 GMT] Created new queue for bot (1310116919403216997).

[Mon, 25 Nov 2024 13:57:43 GMT] Created new queue for bot (1310116919403216997).

[Mon, 25 Nov 2024 13:58:08 GMT] Created new queue for bot (1310116919403216997).

[Mon, 25 Nov 2024 13:59:40 GMT] Created new queue for bot (1310116919403216997).

[Mon, 25 Nov 2024 14:00:20 GMT] Created new queue for bot (1310116919403216997).

[Mon, 25 Nov 2024 14:02:46 GMT] Created new queue for bot (1310116919403216997).

[Mon, 25 Nov 2024 14:05:18 GMT] Created new queue for bot (1310116919403216997).

[Mon, 25 Nov 2024 14:06:11 GMT] Created new queue for bot (1310116919403216997).

[Mon, 25 Nov 2024 14:06:50 GMT] Created new queue for bot (1310116919403216997).

[Mon, 25 Nov 2024 14:07:48 GMT] Created new queue for bot (1310116919403216997).

[Mon, 25 Nov 2024 14:09:30 GMT] Created new queue for bot (1310116919403216997).

[Mon, 25 Nov 2024 14:10:16 GMT] Created new queue for bot (1310116919403216997).

[Mon, 25 Nov 2024 14:12:08 GMT] Created new queue for bot (1310116919403216997).

[Mon, 25 Nov 2024 14:14:15 GMT] Created new queue for bot (1310116919403216997).

[Mon, 25 Nov 2024 14:16:43 GMT] Created new queue for bot (1310116919403216997).

[Mon, 25 Nov 2024 14:19:09 GMT] Created new queue for bot (1310116919403216997).

[Tue, 26 Nov 2024 01:27:34 GMT] Created new queue for bot (1310116919403216997).

[Tue, 26 Nov 2024 01:41:01 GMT] Created new queue for bot (1310116919403216997).

[Tue, 26 Nov 2024 01:41:09 GMT] Audio is now buffering!

[Tue, 26 Nov 2024 01:41:09 GMT] Audio is now playing!

[Tue, 26 Nov 2024 01:43:43 GMT] Created new queue for bot (1310116919403216997).

[Tue, 26 Nov 2024 01:46:43 GMT] Created new queue for bot (1310116919403216997).

[Tue, 26 Nov 2024 01:48:06 GMT] Created new queue for bot (1310116919403216997).

[Tue, 26 Nov 2024 01:49:23 GMT] Created new queue for bot (1310116919403216997).

[Tue, 26 Nov 2024 01:49:48 GMT] Created new queue for bot (1310116919403216997).

[Tue, 26 Nov 2024 01:50:36 GMT] Created new queue for bot (1310116919403216997).

[Tue, 26 Nov 2024 01:54:08 GMT] Created new queue for bot (1310116919403216997).

[Tue, 26 Nov 2024 01:56:16 GMT] Created new queue for bot (1310116919403216997).

[Tue, 26 Nov 2024 01:57:20 GMT] Created new queue for bot (1310116919403216997).

[Tue, 26 Nov 2024 01:57:27 GMT] Created buffer file (./src/temp/2fS4qnOyyDY-temp_audio.pcm) for song (2fS4qnOyyDY).

[Tue, 26 Nov 2024 01:57:27 GMT] Audio is now buffering!

[Tue, 26 Nov 2024 01:57:27 GMT] Audio is now playing!

[Tue, 26 Nov 2024 01:58:49 GMT] Audio has finished playing.

[Tue, 26 Nov 2024 02:00:20 GMT] Created new queue for bot (1310116919403216997).

[Tue, 26 Nov 2024 02:00:26 GMT] Created buffer file (./src/temp/2fS4qnOyyDY-temp_audio.pcm) for song (2fS4qnOyyDY).

[Tue, 26 Nov 2024 02:00:28 GMT] Audio is now buffering!

[Tue, 26 Nov 2024 02:00:28 GMT] Audio is now playing!

[Tue, 26 Nov 2024 02:00:36 GMT] Added song (A7nywWRDElM).

[Tue, 26 Nov 2024 02:00:41 GMT] Created buffer file (./src/temp/A7nywWRDElM-temp_audio.pcm) for song (A7nywWRDElM).

[Tue, 26 Nov 2024 02:01:03 GMT] Added song (FfzOjO6TdKY).

[Tue, 26 Nov 2024 02:01:49 GMT] Audio has finished playing.

[Tue, 26 Nov 2024 02:01:49 GMT] Removed temp audio file (./src/temp/2fS4qnOyyDY-temp_audio.pcm)

[Tue, 26 Nov 2024 02:01:53 GMT] Audio is now buffering!

[Tue, 26 Nov 2024 02:01:53 GMT] Audio is now playing!

[Tue, 26 Nov 2024 02:01:58 GMT] Created buffer file (./src/temp/A7nywWRDElM-temp_audio.pcm) for song (A7nywWRDElM).

[Tue, 26 Nov 2024 02:03:38 GMT] Audio has finished playing.

[Tue, 26 Nov 2024 02:03:38 GMT] Removed temp audio file (./src/temp/A7nywWRDElM-temp_audio.pcm)

[Tue, 26 Nov 2024 02:03:42 GMT] Created buffer file (./src/temp/A7nywWRDElM-temp_audio.pcm) for song (A7nywWRDElM).

[Tue, 26 Nov 2024 02:03:42 GMT] Audio is now buffering!

[Tue, 26 Nov 2024 02:03:42 GMT] Audio is now playing!

[Tue, 26 Nov 2024 02:03:47 GMT] Created buffer file (./src/temp/A7nywWRDElM-temp_audio.pcm) for song (A7nywWRDElM).

[Tue, 26 Nov 2024 02:05:26 GMT] Audio has finished playing.

[Tue, 26 Nov 2024 02:05:26 GMT] Removed temp audio file (./src/temp/A7nywWRDElM-temp_audio.pcm)

[Tue, 26 Nov 2024 02:05:32 GMT] Created buffer file (./src/temp/A7nywWRDElM-temp_audio.pcm) for song (A7nywWRDElM).

[Tue, 26 Nov 2024 02:05:32 GMT] Audio is now buffering!

[Tue, 26 Nov 2024 02:05:32 GMT] Audio is now playing!

[Tue, 26 Nov 2024 02:05:36 GMT] Created buffer file (./src/temp/A7nywWRDElM-temp_audio.pcm) for song (A7nywWRDElM).

[Tue, 26 Nov 2024 02:08:41 GMT] Created new queue for bot (1310116919403216997).

[Tue, 26 Nov 2024 02:08:48 GMT] Created buffer file (./src/temp/FfzOjO6TdKY-temp_audio.pcm) for song (FfzOjO6TdKY).

[Tue, 26 Nov 2024 02:08:48 GMT] Audio is now buffering!

[Tue, 26 Nov 2024 02:08:48 GMT] Audio is now playing!

[Tue, 26 Nov 2024 02:09:10 GMT] Added song (mTpZhwBqRK8).

[Tue, 26 Nov 2024 02:09:13 GMT] Created buffer file (./src/temp/mTpZhwBqRK8-temp_audio.pcm) for song (mTpZhwBqRK8).

[Tue, 26 Nov 2024 02:10:25 GMT] Removed temp audio file (./src/temp/FfzOjO6TdKY-temp_audio.pcm)

[Tue, 26 Nov 2024 02:10:27 GMT] Audio is now buffering!

[Tue, 26 Nov 2024 02:10:27 GMT] Audio is now playing!

[Tue, 26 Nov 2024 02:10:31 GMT] Created buffer file (./src/temp/mTpZhwBqRK8-temp_audio.pcm) for song (mTpZhwBqRK8).

[Tue, 26 Nov 2024 02:11:01 GMT] Created new queue for bot (1310116919403216997).

[Tue, 26 Nov 2024 02:11:05 GMT] Created buffer file (./src/temp/mTpZhwBqRK8-temp_audio.pcm) for song (mTpZhwBqRK8).

[Tue, 26 Nov 2024 02:11:06 GMT] Audio is now buffering!

[Tue, 26 Nov 2024 02:11:06 GMT] Audio is now playing!

[Tue, 26 Nov 2024 02:11:25 GMT] Created buffer file (./src/temp/FfzOjO6TdKY-temp_audio.pcm) for song (FfzOjO6TdKY).

[Tue, 26 Nov 2024 02:12:56 GMT] Removed temp audio file (./src/temp/mTpZhwBqRK8-temp_audio.pcm)

[Tue, 26 Nov 2024 02:12:59 GMT] Audio is now buffering!

[Tue, 26 Nov 2024 02:12:59 GMT] Audio is now playing!

[Tue, 26 Nov 2024 02:14:35 GMT] Audio has finished playing.

[Tue, 26 Nov 2024 02:25:58 GMT] Created new queue for bot (1310116919403216997).

[Tue, 26 Nov 2024 02:26:03 GMT] Created buffer file (./src/temp/FfzOjO6TdKY-temp_audio.pcm) for song (FfzOjO6TdKY).

[Tue, 26 Nov 2024 02:26:04 GMT] Audio is now buffering!

[Tue, 26 Nov 2024 02:26:04 GMT] Audio is now playing!

[Tue, 26 Nov 2024 02:27:42 GMT] Created new queue for bot (1310116919403216997).

[Tue, 26 Nov 2024 02:27:46 GMT] Created buffer file (./src/temp/FfzOjO6TdKY-temp_audio.pcm) for song (FfzOjO6TdKY).

[Tue, 26 Nov 2024 02:27:48 GMT] Audio is now buffering!

[Tue, 26 Nov 2024 02:27:48 GMT] Audio is now playing!

[Tue, 26 Nov 2024 02:29:24 GMT] Audio has finished playing.

[Tue, 26 Nov 2024 02:34:46 GMT] Created new queue for bot (1310116919403216997).

[Tue, 26 Nov 2024 02:36:23 GMT] Created new queue for bot (1310116919403216997).

[Tue, 26 Nov 2024 02:37:25 GMT] Created new queue for bot (1310116919403216997).

[Tue, 26 Nov 2024 03:00:36 GMT] Created new queue for bot (1310116919403216997).

[Tue, 26 Nov 2024 03:02:26 GMT] Created new queue for bot (1310116919403216997).

[Tue, 26 Nov 2024 03:04:22 GMT] Created new queue for bot (1310116919403216997).

[Tue, 26 Nov 2024 03:04:54 GMT] Created new queue for bot (1310116919403216997).

[Tue, 26 Nov 2024 03:05:27 GMT] Created new queue for bot (1310116919403216997).

[Tue, 26 Nov 2024 03:08:42 GMT] Created new queue for bot (1310116919403216997).

[Tue, 26 Nov 2024 03:11:23 GMT] Created new queue for bot (1310116919403216997).

[Tue, 26 Nov 2024 03:13:44 GMT] Created new queue for bot (1310116919403216997).

[Tue, 26 Nov 2024 03:15:15 GMT] Created new queue for bot (1310116919403216997).

[Tue, 26 Nov 2024 03:16:22 GMT] Created new queue for bot (1310116919403216997).

[Tue, 26 Nov 2024 03:17:38 GMT] Created new queue for bot (1310116919403216997).

[Tue, 26 Nov 2024 03:19:56 GMT] Created new queue for bot (1310116919403216997).

[Tue, 26 Nov 2024 03:21:23 GMT] Created new queue for bot (1310116919403216997).

[Tue, 26 Nov 2024 03:21:28 GMT] Added song (wKKX5phpRo4).

[Tue, 26 Nov 2024 03:21:28 GMT] Added song (uAmgPYMY3o8).

[Tue, 26 Nov 2024 03:21:28 GMT] Added song (l5dgwg7j-fA).

[Tue, 26 Nov 2024 03:21:28 GMT] Added song (FQSHcl6TJb4).

[Tue, 26 Nov 2024 03:21:28 GMT] Added song (GV3HPY2ZD4Q).

[Tue, 26 Nov 2024 03:21:28 GMT] Added song (4yG8caPPY1Y).

[Tue, 26 Nov 2024 03:21:28 GMT] Added song (mkIbhgZtD5g).

[Tue, 26 Nov 2024 03:21:28 GMT] Added song (g3UM7l47AGM).

[Tue, 26 Nov 2024 03:21:28 GMT] Added song (MKVmXUEd11g).

[Tue, 26 Nov 2024 03:21:28 GMT] Added song (MJDn70jh1V0).

[Tue, 26 Nov 2024 03:21:28 GMT] Added song (5shR-adk0ks).

[Tue, 26 Nov 2024 03:21:28 GMT] Added song (kXF3VYYa5TI).

[Tue, 26 Nov 2024 03:21:28 GMT] Added song (UjBTtNU27Ec).

[Tue, 26 Nov 2024 03:21:28 GMT] Added song (dHg50mdODFM).

[Tue, 26 Nov 2024 03:21:28 GMT] Added song (zw47ymC0RNQ).

[Tue, 26 Nov 2024 03:21:28 GMT] Added song (ciL7OKWSu10).

[Tue, 26 Nov 2024 03:21:28 GMT] Added song (FLqUt8NK73c).

[Tue, 26 Nov 2024 03:21:28 GMT] Added song (243Uguc-6mQ).

[Tue, 26 Nov 2024 03:21:28 GMT] Added song (7GIWV__qx4M).

[Tue, 26 Nov 2024 03:21:28 GMT] Added song (MiUjLJJligs).

[Tue, 26 Nov 2024 03:21:28 GMT] Added song (pkj7M1EFiFM).

[Tue, 26 Nov 2024 03:21:28 GMT] Added song (p1QY1CAFiK0).

[Tue, 26 Nov 2024 03:21:28 GMT] Added song (Zmd43wV2Ko4).

[Tue, 26 Nov 2024 03:21:28 GMT] Added song (p2683qjAVkc).

[Tue, 26 Nov 2024 03:21:28 GMT] Added song (uMk-1BWt5s0).

[Tue, 26 Nov 2024 03:21:28 GMT] Added song (F-1FAgZ06Gs).

[Tue, 26 Nov 2024 03:21:28 GMT] Added song (2D3J7tBkj9U).

[Tue, 26 Nov 2024 03:21:28 GMT] Added song (eaXddTft7RM).

[Tue, 26 Nov 2024 03:21:28 GMT] Added song (lsVm-HWXCJ0).

[Tue, 26 Nov 2024 03:21:28 GMT] Added song (J_hJDitrh8M).

[Tue, 26 Nov 2024 03:21:28 GMT] Added song (WnIvneBFtBc).

[Tue, 26 Nov 2024 03:21:28 GMT] Added song (BJEqdto_uGw).

[Tue, 26 Nov 2024 03:21:28 GMT] Added song (pNaFpUM1vSg).

[Tue, 26 Nov 2024 03:21:28 GMT] Added song (Ez0HLHazVys).

[Tue, 26 Nov 2024 03:21:28 GMT] Added song (MQs4eaPdvAY).

[Tue, 26 Nov 2024 03:21:28 GMT] Added song (k90oOStDA4M).

[Tue, 26 Nov 2024 03:21:28 GMT] Added song (8lmxvhKjyWM).

[Tue, 26 Nov 2024 03:21:28 GMT] Added song (rgW_xr76CVE).

[Tue, 26 Nov 2024 03:21:28 GMT] Added song (jyAI21BtKss).

[Tue, 26 Nov 2024 03:21:28 GMT] Added song (u9xSFk1ZDgw).

[Tue, 26 Nov 2024 03:21:28 GMT] Added song (vx4kLgnFexo).

[Tue, 26 Nov 2024 03:21:28 GMT] Added song (DZ47H84Bc_Q).

[Tue, 26 Nov 2024 03:21:28 GMT] Added song (6jGPypPNEg4).

[Tue, 26 Nov 2024 03:21:28 GMT] Added song (C6CeA6vRtW4).

[Tue, 26 Nov 2024 03:21:28 GMT] Added song (PCkYR5nErXU).

[Tue, 26 Nov 2024 03:21:28 GMT] Added song (zEGbIpD6wNo).

[Tue, 26 Nov 2024 03:21:28 GMT] Added song (M0OTqNRZNPI).

[Tue, 26 Nov 2024 03:21:28 GMT] Added song (AvDrW4JTjME).

[Tue, 26 Nov 2024 03:21:28 GMT] Added song (mMAWyoVtwzs).

[Tue, 26 Nov 2024 03:21:28 GMT] Added song (P1V6cQJpbc4).

[Tue, 26 Nov 2024 03:21:28 GMT] Added song (m7z0jM81gvc).

[Tue, 26 Nov 2024 03:21:28 GMT] Added song (xXQNdUpCQzw).

[Tue, 26 Nov 2024 03:21:28 GMT] Added song (EXQ5D0v4rmw).

[Tue, 26 Nov 2024 03:21:28 GMT] Added song (LD6ePgLagcU).

[Tue, 26 Nov 2024 03:21:28 GMT] Added song (bFQAcogDYvs).

[Tue, 26 Nov 2024 03:21:28 GMT] Added song (HQnC1UHBvWA).

[Tue, 26 Nov 2024 03:21:28 GMT] Added song (js4qg4FwUQ0).

[Tue, 26 Nov 2024 03:21:28 GMT] Added song (kqciNaDT-NM).

[Tue, 26 Nov 2024 03:21:28 GMT] Added song (nSEkh4mgYqc).

[Tue, 26 Nov 2024 03:21:28 GMT] Added song (pJHZ51YR028).

[Tue, 26 Nov 2024 03:21:28 GMT] Added song (C73qhyqt1FU).

[Tue, 26 Nov 2024 03:21:28 GMT] Added song (hOA4SEJetnQ).

[Tue, 26 Nov 2024 03:21:28 GMT] Added song (iggmiF7DNoM).

[Tue, 26 Nov 2024 03:21:28 GMT] Added song (PD1EXJScA6k).

[Tue, 26 Nov 2024 03:21:28 GMT] Added song (ILkWJfmd6ZM).

[Tue, 26 Nov 2024 03:21:28 GMT] Added song (uSiHqxgE2d0).

[Tue, 26 Nov 2024 03:21:28 GMT] Added song (V3L14JhF1uI).

[Tue, 26 Nov 2024 03:21:28 GMT] Added song (-2yAEUp9v6M).

[Tue, 26 Nov 2024 03:21:28 GMT] Added song (tgXOYrHnRIU).

[Tue, 26 Nov 2024 03:21:28 GMT] Added song (SMvmAWECT8U).

[Tue, 26 Nov 2024 03:21:28 GMT] Added song (xp0NOjZlNlo).

[Tue, 26 Nov 2024 03:21:28 GMT] Added song (fa4UguKRgNg).

[Tue, 26 Nov 2024 03:21:28 GMT] Added song (OFP3lEHOpA8).

[Tue, 26 Nov 2024 03:21:28 GMT] Added song (tyKu0uZS86Q).

[Tue, 26 Nov 2024 03:21:28 GMT] Added song (YidmA4DCjGc).

[Tue, 26 Nov 2024 03:21:28 GMT] Added song (MSepOYJxB64).

[Tue, 26 Nov 2024 03:21:28 GMT] Added song (chDWGlknwHU).

[Tue, 26 Nov 2024 03:21:28 GMT] Added song (I-H4VCTbiw0).

[Tue, 26 Nov 2024 03:21:28 GMT] Added song (PX-L8vDfMXI).

[Tue, 26 Nov 2024 03:21:28 GMT] Added song (vSwUg6biC2k).

[Tue, 26 Nov 2024 03:21:28 GMT] Added song (GDTD24KsdGc).

[Tue, 26 Nov 2024 03:21:28 GMT] Added song (ucuA7HszQZM).

[Tue, 26 Nov 2024 03:21:28 GMT] Added song (b_0xu8foYY8).

[Tue, 26 Nov 2024 03:21:28 GMT] Added song (yAW3xEnDTqk).

[Tue, 26 Nov 2024 03:21:28 GMT] Added song (kN3QiFZFWyw).

[Tue, 26 Nov 2024 03:21:28 GMT] Added song (-itZVX-SUkI).

[Tue, 26 Nov 2024 03:21:28 GMT] Added song (L9l8zCOwEII).

[Tue, 26 Nov 2024 03:21:28 GMT] Added song (eQ03W8emhuY).

[Tue, 26 Nov 2024 03:21:28 GMT] Added song (2c_cOxx69H0).

[Tue, 26 Nov 2024 03:21:33 GMT] Created buffer file (./src/temp/HfO2mSE878c-temp_audio.pcm) for song (HfO2mSE878c).

[Tue, 26 Nov 2024 03:21:33 GMT] Audio is now buffering!

[Tue, 26 Nov 2024 03:21:33 GMT] Audio is now playing!

[Tue, 26 Nov 2024 03:21:37 GMT] Created buffer file (./src/temp/ut_RjDGUJoY-temp_audio.pcm) for song (ut_RjDGUJoY).

[Tue, 26 Nov 2024 03:22:37 GMT] Removed temp audio file (./src/temp/HfO2mSE878c-temp_audio.pcm)

[Tue, 26 Nov 2024 03:22:40 GMT] Audio is now buffering!

[Tue, 26 Nov 2024 03:22:40 GMT] Audio is now playing!

[Tue, 26 Nov 2024 03:22:43 GMT] Created buffer file (./src/temp/nW0_o4aXsfk-temp_audio.pcm) for song (nW0_o4aXsfk).

[Tue, 26 Nov 2024 03:23:47 GMT] Removed temp audio file (./src/temp/ut_RjDGUJoY-temp_audio.pcm)

[Tue, 26 Nov 2024 03:23:50 GMT] Audio is now buffering!

[Tue, 26 Nov 2024 03:23:50 GMT] Audio is now playing!

[Tue, 26 Nov 2024 03:23:54 GMT] Created buffer file (./src/temp/wKKX5phpRo4-temp_audio.pcm) for song (wKKX5phpRo4).

[Tue, 26 Nov 2024 03:25:18 GMT] Removed temp audio file (./src/temp/nW0_o4aXsfk-temp_audio.pcm)

[Tue, 26 Nov 2024 03:25:21 GMT] Audio is now buffering!

[Tue, 26 Nov 2024 03:25:21 GMT] Audio is now playing!

[Tue, 26 Nov 2024 03:25:25 GMT] Created buffer file (./src/temp/uAmgPYMY3o8-temp_audio.pcm) for song (uAmgPYMY3o8).

[Tue, 26 Nov 2024 03:37:20 GMT] Created new queue for bot (1310116919403216997).

[Tue, 26 Nov 2024 03:37:21 GMT] Added song (W1UAbN1CYZk).

[Tue, 26 Nov 2024 03:37:25 GMT] Created buffer file (./src/temp/W1UAbN1CYZk-temp_audio.pcm) for song (W1UAbN1CYZk).

[Tue, 26 Nov 2024 03:37:26 GMT] Audio is now buffering!

[Tue, 26 Nov 2024 03:37:26 GMT] Audio is now playing!

[Tue, 26 Nov 2024 03:42:00 GMT] Cleared temp folder.

[Tue, 26 Nov 2024 03:43:21 GMT] Created temp folder.

[Tue, 26 Nov 2024 03:44:27 GMT] Created new queue for bot (1310116919403216997).

[Tue, 26 Nov 2024 03:44:32 GMT] Created buffer file (./src/temp/W1UAbN1CYZk-temp_audio.pcm) for song (W1UAbN1CYZk).

[Tue, 26 Nov 2024 03:44:33 GMT] Audio is now buffering!

[Tue, 26 Nov 2024 03:44:33 GMT] Audio is now playing!

[Tue, 26 Nov 2024 03:44:53 GMT] Cleared temp folder (./src/temp).

[Tue, 26 Nov 2024 03:44:54 GMT] Created new queue for bot (1310116919403216997).

[Tue, 26 Nov 2024 03:44:59 GMT] Created buffer file (./src/temp/W1UAbN1CYZk-temp_audio.pcm) for song (W1UAbN1CYZk).

[Tue, 26 Nov 2024 03:45:00 GMT] Audio is now buffering!

[Tue, 26 Nov 2024 03:45:00 GMT] Audio is now playing!

[Tue, 26 Nov 2024 03:46:47 GMT] Audio has finished playing.

[Tue, 26 Nov 2024 04:34:19 GMT] Cleared temp folder (./src/temp).

[Tue, 26 Nov 2024 04:46:09 GMT] Created new queue for bot (1310116919403216997).

[Tue, 26 Nov 2024 04:47:27 GMT] Created new queue for bot (1310116919403216997).

[Tue, 26 Nov 2024 04:49:09 GMT] Created new queue for bot (1310116919403216997).

[Tue, 26 Nov 2024 04:49:43 GMT] Created new queue for bot (1310116919403216997).

[Tue, 26 Nov 2024 04:53:09 GMT] Created new queue for bot (1310116919403216997).

[Tue, 26 Nov 2024 04:53:51 GMT] Created new queue for bot (1310116919403216997).

[Tue, 26 Nov 2024 04:55:08 GMT] Created new queue for bot (1310116919403216997).

[Tue, 26 Nov 2024 05:01:10 GMT] Created new queue for bot (1310116919403216997).

[Tue, 26 Nov 2024 05:01:44 GMT] Created new queue for bot (1310116919403216997).

[Tue, 26 Nov 2024 05:02:02 GMT] Created new queue for bot (1310116919403216997).

[Tue, 26 Nov 2024 05:03:34 GMT] Created new queue for bot (1310116919403216997).

[Tue, 26 Nov 2024 05:03:35 GMT] Added song (pU45rwl4lJw).

[Tue, 26 Nov 2024 05:03:39 GMT] Created buffer file (./src/temp/pU45rwl4lJw-temp_audio.pcm) for song (pU45rwl4lJw).

[Tue, 26 Nov 2024 05:08:07 GMT] Cleared temp folder (./src/temp).

[Tue, 26 Nov 2024 05:08:19 GMT] Created new queue for bot (1310116919403216997).

[Tue, 26 Nov 2024 05:08:30 GMT] Added song (fYRIBocQoq8).

[Tue, 26 Nov 2024 05:11:11 GMT] Created new queue for bot (1310116919403216997).

[Tue, 26 Nov 2024 05:11:56 GMT] Created new queue for bot (1310116919403216997).

[Tue, 26 Nov 2024 05:12:01 GMT] Created buffer file (./src/temp/fYRIBocQoq8-temp_audio.pcm) for song (fYRIBocQoq8).

[Tue, 26 Nov 2024 05:12:01 GMT] Audio is now buffering!

[Tue, 26 Nov 2024 05:12:01 GMT] Audio is now playing!

[Tue, 26 Nov 2024 05:14:21 GMT] Audio has finished playing.

[Tue, 26 Nov 2024 05:15:07 GMT] Cleared temp folder (./src/temp).

[Tue, 26 Nov 2024 05:32:47 GMT] Created new queue for bot (1310116919403216997).

[Tue, 26 Nov 2024 05:32:49 GMT] Added song (C7cczTyQ4iY).

[Tue, 26 Nov 2024 05:32:53 GMT] Created buffer file (./src/temp/C7cczTyQ4iY-temp_audio.pcm) for song (C7cczTyQ4iY).

[Tue, 26 Nov 2024 05:32:53 GMT] Audio is now buffering!

[Tue, 26 Nov 2024 05:32:53 GMT] Audio is now playing!

[Tue, 26 Nov 2024 05:33:33 GMT] Cleared temp folder (./src/temp).

[Tue, 26 Nov 2024 05:34:34 GMT] Created new queue for bot (1310116919403216997).

[Tue, 26 Nov 2024 05:34:39 GMT] Created buffer file (./src/temp/C7cczTyQ4iY-temp_audio.pcm) for song (C7cczTyQ4iY).

[Tue, 26 Nov 2024 05:34:39 GMT] Audio is now buffering!

[Tue, 26 Nov 2024 05:34:39 GMT] Audio is now playing!

[Tue, 26 Nov 2024 05:38:49 GMT] Audio has finished playing.

[Tue, 26 Nov 2024 05:39:38 GMT] Created new queue for bot (1310116919403216997).

[Tue, 26 Nov 2024 05:39:43 GMT] Created buffer file (./src/temp/C7cczTyQ4iY-temp_audio.pcm) for song (C7cczTyQ4iY).

[Tue, 26 Nov 2024 05:39:43 GMT] Created buffer file (./src/temp/C7cczTyQ4iY-temp_audio.pcm) for song (C7cczTyQ4iY).

[Tue, 26 Nov 2024 05:39:43 GMT] Audio is now buffering!

[Tue, 26 Nov 2024 05:39:43 GMT] Audio is now playing!

[Tue, 26 Nov 2024 05:39:55 GMT] Audio has finished playing.

[Tue, 26 Nov 2024 05:39:58 GMT] Created buffer file (./src/temp/C7cczTyQ4iY-temp_audio.pcm) for song (C7cczTyQ4iY).

[Tue, 26 Nov 2024 05:39:58 GMT] Audio is now buffering!

[Tue, 26 Nov 2024 05:39:58 GMT] Audio is now playing!

[Tue, 26 Nov 2024 05:40:44 GMT] Cleared temp folder (./src/temp).

[Tue, 26 Nov 2024 05:40:50 GMT] Created new queue for bot (1310116919403216997).

[Tue, 26 Nov 2024 05:40:55 GMT] Created buffer file (./src/temp/C7cczTyQ4iY-temp_audio.pcm) for song (C7cczTyQ4iY).

[Tue, 26 Nov 2024 05:40:55 GMT] Audio is now buffering!

[Tue, 26 Nov 2024 05:40:55 GMT] Created buffer file (./src/temp/C7cczTyQ4iY-temp_audio.pcm) for song (C7cczTyQ4iY).

[Tue, 26 Nov 2024 05:40:55 GMT] Audio is now playing!

[Tue, 26 Nov 2024 05:41:14 GMT] Created buffer file (./src/temp/C7cczTyQ4iY-temp_audio.pcm) for song (C7cczTyQ4iY).

[Tue, 26 Nov 2024 05:41:14 GMT] Audio is now buffering!

[Tue, 26 Nov 2024 05:41:14 GMT] Audio is now playing!

[Tue, 26 Nov 2024 05:42:33 GMT] Cleared temp folder (./src/temp).

[Tue, 26 Nov 2024 05:42:38 GMT] Created new queue for bot (1310116919403216997).

[Tue, 26 Nov 2024 05:42:43 GMT] Created buffer file (./src/temp/C7cczTyQ4iY-temp_audio.pcm) for song (C7cczTyQ4iY).

[Tue, 26 Nov 2024 05:42:43 GMT] Audio is now buffering!

[Tue, 26 Nov 2024 05:42:43 GMT] Created buffer file (./src/temp/C7cczTyQ4iY-temp_audio.pcm) for song (C7cczTyQ4iY).

[Tue, 26 Nov 2024 05:42:43 GMT] Audio is now playing!

[Tue, 26 Nov 2024 05:43:08 GMT] Created buffer file (./src/temp/C7cczTyQ4iY-temp_audio.pcm) for song (C7cczTyQ4iY).

[Tue, 26 Nov 2024 05:43:08 GMT] Audio is now buffering!

[Tue, 26 Nov 2024 05:43:08 GMT] Audio is now playing!

[Tue, 26 Nov 2024 05:45:19 GMT] Cleared temp folder (./src/temp).

[Tue, 26 Nov 2024 05:45:23 GMT] Created new queue for bot (1310116919403216997).

[Tue, 26 Nov 2024 05:45:29 GMT] Created buffer file (./src/temp/C7cczTyQ4iY-temp_audio.pcm) for song (C7cczTyQ4iY).

[Tue, 26 Nov 2024 05:45:29 GMT] Audio is now buffering!

[Tue, 26 Nov 2024 05:45:29 GMT] Created buffer file (./src/temp/C7cczTyQ4iY-temp_audio.pcm) for song (C7cczTyQ4iY).

[Tue, 26 Nov 2024 05:45:29 GMT] Audio is now playing!

[Tue, 26 Nov 2024 05:45:41 GMT] Created buffer file (./src/temp/C7cczTyQ4iY-temp_audio.pcm) for song (C7cczTyQ4iY).

[Tue, 26 Nov 2024 05:45:41 GMT] Audio is now buffering!

[Tue, 26 Nov 2024 05:45:41 GMT] Audio is now playing!

[Tue, 26 Nov 2024 05:47:50 GMT] Audio has finished playing.

[Tue, 26 Nov 2024 05:49:38 GMT] Cleared temp folder (./src/temp).

[Tue, 26 Nov 2024 05:49:41 GMT] Created new queue for bot (1310116919403216997).

[Tue, 26 Nov 2024 05:49:47 GMT] Created buffer file (./src/temp/C7cczTyQ4iY-temp_audio.pcm) for song (C7cczTyQ4iY).

[Tue, 26 Nov 2024 05:49:47 GMT] Created buffer file (./src/temp/C7cczTyQ4iY-temp_audio.pcm) for song (C7cczTyQ4iY).

[Tue, 26 Nov 2024 05:49:47 GMT] Audio is now buffering!

[Tue, 26 Nov 2024 05:49:47 GMT] Audio is now playing!

[Tue, 26 Nov 2024 05:49:55 GMT] Created buffer file (./src/temp/C7cczTyQ4iY-temp_audio.pcm) for song (C7cczTyQ4iY).

[Tue, 26 Nov 2024 05:49:55 GMT] Audio is now buffering!

[Tue, 26 Nov 2024 05:49:55 GMT] Audio is now playing!

[Tue, 26 Nov 2024 05:50:20 GMT] Cleared temp folder (./src/temp).

[Tue, 26 Nov 2024 05:51:13 GMT] Created new queue for bot (1310116919403216997).

[Tue, 26 Nov 2024 05:51:19 GMT] Created buffer file (./src/temp/C7cczTyQ4iY-temp_audio.pcm) for song (C7cczTyQ4iY).

[Tue, 26 Nov 2024 05:51:19 GMT] Created buffer file (./src/temp/C7cczTyQ4iY-temp_audio.pcm) for song (C7cczTyQ4iY).

[Tue, 26 Nov 2024 05:51:19 GMT] Audio is now buffering!

[Tue, 26 Nov 2024 05:51:19 GMT] Audio is now playing!

[Tue, 26 Nov 2024 05:53:27 GMT] Cleared temp folder (./src/temp).

[Tue, 26 Nov 2024 05:53:29 GMT] Created new queue for bot (1310116919403216997).

[Tue, 26 Nov 2024 05:53:34 GMT] Created buffer file (./src/temp/C7cczTyQ4iY-temp_audio.pcm) for song (C7cczTyQ4iY).

[Tue, 26 Nov 2024 05:53:34 GMT] Audio is now buffering!

[Tue, 26 Nov 2024 05:53:34 GMT] Created buffer file (./src/temp/C7cczTyQ4iY-temp_audio.pcm) for song (C7cczTyQ4iY).

[Tue, 26 Nov 2024 05:53:34 GMT] Audio is now playing!

[Tue, 26 Nov 2024 05:54:02 GMT] Cleared temp folder (./src/temp).

[Tue, 26 Nov 2024 05:54:04 GMT] Created new queue for bot (1310116919403216997).

[Tue, 26 Nov 2024 05:54:10 GMT] Created buffer file (./src/temp/C7cczTyQ4iY-temp_audio.pcm) for song (C7cczTyQ4iY).

[Tue, 26 Nov 2024 05:54:10 GMT] Created buffer file (./src/temp/C7cczTyQ4iY-temp_audio.pcm) for song (C7cczTyQ4iY).

[Tue, 26 Nov 2024 05:54:10 GMT] Audio is now buffering!

[Tue, 26 Nov 2024 05:54:10 GMT] Audio is now playing!

[Tue, 26 Nov 2024 05:55:19 GMT] Cleared temp folder (./src/temp).

[Tue, 26 Nov 2024 05:55:23 GMT] Created new queue for bot (1310116919403216997).

[Tue, 26 Nov 2024 05:55:29 GMT] Created buffer file (./src/temp/C7cczTyQ4iY-temp_audio.pcm) for song (C7cczTyQ4iY).

[Tue, 26 Nov 2024 05:55:29 GMT] Audio is now buffering!

[Tue, 26 Nov 2024 05:55:29 GMT] Created buffer file (./src/temp/C7cczTyQ4iY-temp_audio.pcm) for song (C7cczTyQ4iY).

[Tue, 26 Nov 2024 05:55:29 GMT] Audio is now playing!

[Tue, 26 Nov 2024 05:58:05 GMT] Cleared temp folder (./src/temp).

[Tue, 26 Nov 2024 05:58:49 GMT] Created new queue for bot (1310116919403216997).

[Tue, 26 Nov 2024 05:58:54 GMT] Created buffer file (./src/temp/C7cczTyQ4iY-temp_audio.pcm) for song (C7cczTyQ4iY).

[Tue, 26 Nov 2024 05:58:54 GMT] Audio is now buffering!

[Tue, 26 Nov 2024 05:58:54 GMT] Created buffer file (./src/temp/C7cczTyQ4iY-temp_audio.pcm) for song (C7cczTyQ4iY).

[Tue, 26 Nov 2024 05:58:54 GMT] Audio is now playing!

[Tue, 26 Nov 2024 05:59:01 GMT] Added song (wq0mbynj4_k).

[Tue, 26 Nov 2024 05:59:06 GMT] Created buffer file (./src/temp/wq0mbynj4_k-temp_audio.pcm) for song (wq0mbynj4_k).

[Tue, 26 Nov 2024 05:59:11 GMT] Added song (04Px4DksYWI).

[Tue, 26 Nov 2024 05:59:21 GMT] Removed temp audio file (./src/temp/C7cczTyQ4iY-temp_audio.pcm)

[Tue, 26 Nov 2024 05:59:24 GMT] Audio is now buffering!

[Tue, 26 Nov 2024 05:59:24 GMT] Audio is now playing!

[Tue, 26 Nov 2024 05:59:29 GMT] Created buffer file (./src/temp/04Px4DksYWI-temp_audio.pcm) for song (04Px4DksYWI).
